2026-04-20 20:49:07,722 INFO __main__ Iniciando el proceso creando listas con el contenido de los archivos txt
2026-04-20 20:49:07,786 INFO __main__ procesando archivo LEB-CL-LOS-CORTIJOS-2285-1655
2026-04-20 20:49:07,787 INFO __main__ procesando archivo LEB-SENSORMATIC-2267-1656
2026-04-20 20:49:07,787 INFO __main__ procesando archivo LEB-GINA-2299-1658
2026-04-20 20:49:07,787 INFO __main__ procesando archivo LEB-PEPSICO-PANAM-633-1661
2026-04-20 20:49:07,787 INFO __main__ procesando archivo LEB-MAPLOCA-2269-1662
2026-04-20 20:49:07,788 INFO __main__ procesando archivo LEB-PEPSICO-2298-1664
2026-04-20 20:49:07,788 INFO __main__ procesando archivo LEB-FUNDACION-BADAN-609-1665
2026-04-20 20:49:07,788 INFO __main__ procesando archivo LEB-COMER-TIARES-624-1666
2026-04-20 20:49:07,788 INFO __main__ procesando archivo LEB-SMARTCALL-COLEG-2303-1667
2026-04-20 20:49:07,789 INFO __main__ procesando archivo LEB-WEDOO-TECH-2252-1668
2026-04-20 20:49:07,789 INFO __main__ procesando archivo LEB-MOL-NACIONALES-2307-1669
2026-04-20 20:49:07,789 INFO __main__ procesando archivo LEB-HUMANITAS-2350-1670
2026-04-20 20:49:07,789 INFO __main__ procesando archivo LEB-CORFIN-AUTANA-610-1671
2026-04-20 20:49:07,790 INFO __main__ procesando archivo LEB-DIRECTAG-AUTA-2297-1673
2026-04-20 20:49:07,790 INFO __main__ procesando archivo LEB-COLEGIO-FRANCIA-2278-1677
2026-04-20 20:49:07,790 INFO __main__ procesando archivo LEB-FUTURA-RETAIL-2277-1678
2026-04-20 20:49:55,102 INFO __main__ Iniciando el proceso creando listas con el contenido de los archivos txt
2026-04-20 20:49:55,158 INFO __main__ procesando archivo LEB-CL-LOS-CORTIJOS-2285-1655
2026-04-20 20:49:55,159 INFO __main__ procesando archivo LEB-SENSORMATIC-2267-1656
2026-04-20 20:49:55,159 INFO __main__ procesando archivo LEB-GINA-2299-1658
2026-04-20 20:49:55,159 INFO __main__ procesando archivo LEB-PEPSICO-PANAM-633-1661
2026-04-20 20:49:55,159 INFO __main__ procesando archivo LEB-MAPLOCA-2269-1662
2026-04-20 20:49:55,159 INFO __main__ procesando archivo LEB-PEPSICO-2298-1664
2026-04-20 20:49:55,160 INFO __main__ procesando archivo LEB-FUNDACION-BADAN-609-1665
2026-04-20 20:49:55,160 INFO __main__ procesando archivo LEB-COMER-TIARES-624-1666
2026-04-20 20:49:55,160 INFO __main__ procesando archivo LEB-SMARTCALL-COLEG-2303-1667
2026-04-20 20:49:55,160 INFO __main__ procesando archivo LEB-WEDOO-TECH-2252-1668
2026-04-20 20:49:55,160 INFO __main__ procesando archivo LEB-MOL-NACIONALES-2307-1669
2026-04-20 20:49:55,161 INFO __main__ procesando archivo LEB-HUMANITAS-2350-1670
2026-04-20 20:49:55,161 INFO __main__ procesando archivo LEB-CORFIN-AUTANA-610-1671
2026-04-20 20:49:55,161 INFO __main__ procesando archivo LEB-DIRECTAG-AUTA-2297-1673
2026-04-20 20:49:55,161 INFO __main__ procesando archivo LEB-COLEGIO-FRANCIA-2278-1677
2026-04-20 20:49:55,161 INFO __main__ procesando archivo LEB-FUTURA-RETAIL-2277-1678
